[2023-03-20 17:14:37,096] {taskinstance.py:1032} INFO - Dependencies all met for <TaskInstance: to_posgrest_v4.6.read_and_load_review manual__2023-03-20T16:51:43.761619+00:00 [queued]>
[2023-03-20 17:14:37,137] {taskinstance.py:1032} INFO - Dependencies all met for <TaskInstance: to_posgrest_v4.6.read_and_load_review manual__2023-03-20T16:51:43.761619+00:00 [queued]>
[2023-03-20 17:14:37,138] {taskinstance.py:1238} INFO - 
--------------------------------------------------------------------------------
[2023-03-20 17:14:37,139] {taskinstance.py:1239} INFO - Starting attempt 3 of 4
[2023-03-20 17:14:37,140] {taskinstance.py:1240} INFO - 
--------------------------------------------------------------------------------
[2023-03-20 17:14:37,178] {taskinstance.py:1259} INFO - Executing <Task(PostgresOperator): read_and_load_review> on 2023-03-20 16:51:43.761619+00:00
[2023-03-20 17:14:37,187] {standard_task_runner.py:52} INFO - Started process 16886 to run task
[2023-03-20 17:14:37,194] {standard_task_runner.py:76} INFO - Running: ['***', 'tasks', 'run', 'to_posgrest_v4.6', 'read_and_load_review', 'manual__2023-03-20T16:51:43.761619+00:00', '--job-id', '138', '--raw', '--subdir', 'DAGS_FOLDER/to_postgresql.py', '--cfg-path', '/tmp/tmp14wuip7x', '--error-file', '/tmp/tmpck458l1r']
[2023-03-20 17:14:37,197] {standard_task_runner.py:77} INFO - Job 138: Subtask read_and_load_review
[2023-03-20 17:14:37,558] {logging_mixin.py:109} INFO - Running <TaskInstance: to_posgrest_v4.6.read_and_load_review manual__2023-03-20T16:51:43.761619+00:00 [running]> on host 0b4cdb459521
[2023-03-20 17:14:37,895] {taskinstance.py:1426} INFO - Exporting the following env vars:
AIRFLOW_CTX_DAG_OWNER=sakabuana31
AIRFLOW_CTX_DAG_ID=to_posgrest_v4.6
AIRFLOW_CTX_TASK_ID=read_and_load_review
AIRFLOW_CTX_EXECUTION_DATE=2023-03-20T16:51:43.761619+00:00
AIRFLOW_CTX_DAG_RUN_ID=manual__2023-03-20T16:51:43.761619+00:00
[2023-03-20 17:14:37,982] {base.py:79} INFO - Using connection to: id: postgres_localhost. Host: host.docker.internal, Port: 5432, Schema: final, Login: ***, Password: ***, extra: {}
[2023-03-20 17:14:38,096] {dbapi.py:225} INFO - Running statement: 
            CREATE TEMPORARY TABLE temp_review (
                review_id text not null PRIMARY KEY,
                user_id text,
                business_id text,
                stars int,
                useful int,
                funny int,
                cool int,
                text text,
                date_values date
            );

            COPY temp_review FROM '/opt/***/data/output-csv/checkin_restaurant1.csv' DELIMITER ',' CSV HEADER;
            INSERT INTO review (review_id, user_id, business_id, stars, useful, funny, cool, text, date_values)
            SELECT DISTINCT ON (review_id) review_id, user_id, business_id, stars, useful, funny, cool, text, date_values
            FROM temp_review
            WHERE review_id, user_id, business_id, stars, useful, funny, cool, text, date_values IS NOT NULL AND column_name != '';
            ON CONFLICT DO NOTHING;
        , parameters: None
[2023-03-20 17:14:38,102] {taskinstance.py:1700} ERROR - Task failed with exception
Traceback (most recent call last):
  File "/home/airflow/.local/lib/python3.7/site-packages/airflow/models/taskinstance.py", line 1329, in _run_raw_task
    self._execute_task_with_callbacks(context)
  File "/home/airflow/.local/lib/python3.7/site-packages/airflow/models/taskinstance.py", line 1455, in _execute_task_with_callbacks
    result = self._execute_task(context, self.task)
  File "/home/airflow/.local/lib/python3.7/site-packages/airflow/models/taskinstance.py", line 1511, in _execute_task
    result = execute_callable(context=context)
  File "/home/airflow/.local/lib/python3.7/site-packages/airflow/providers/postgres/operators/postgres.py", line 69, in execute
    self.hook.run(self.sql, self.autocommit, parameters=self.parameters)
  File "/home/airflow/.local/lib/python3.7/site-packages/airflow/hooks/dbapi.py", line 205, in run
    self._run_command(cur, sql_statement, parameters)
  File "/home/airflow/.local/lib/python3.7/site-packages/airflow/hooks/dbapi.py", line 229, in _run_command
    cur.execute(sql_statement)
psycopg2.errors.SyntaxError: syntax error at or near ","
LINE 18:             WHERE review_id, user_id, business_id, stars, us...
                                    ^

[2023-03-20 17:14:38,202] {taskinstance.py:1277} INFO - Marking task as UP_FOR_RETRY. dag_id=to_posgrest_v4.6, task_id=read_and_load_review, execution_date=20230320T165143, start_date=20230320T171437, end_date=20230320T171438
[2023-03-20 17:14:38,252] {standard_task_runner.py:92} ERROR - Failed to execute job 138 for task read_and_load_review
Traceback (most recent call last):
  File "/home/airflow/.local/lib/python3.7/site-packages/airflow/task/task_runner/standard_task_runner.py", line 85, in _start_by_fork
    args.func(args, dag=self.dag)
  File "/home/airflow/.local/lib/python3.7/site-packages/airflow/cli/cli_parser.py", line 48, in command
    return func(*args, **kwargs)
  File "/home/airflow/.local/lib/python3.7/site-packages/airflow/utils/cli.py", line 92, in wrapper
    return f(*args, **kwargs)
  File "/home/airflow/.local/lib/python3.7/site-packages/airflow/cli/commands/task_command.py", line 298, in task_run
    _run_task_by_selected_method(args, dag, ti)
  File "/home/airflow/.local/lib/python3.7/site-packages/airflow/cli/commands/task_command.py", line 107, in _run_task_by_selected_method
    _run_raw_task(args, ti)
  File "/home/airflow/.local/lib/python3.7/site-packages/airflow/cli/commands/task_command.py", line 184, in _run_raw_task
    error_file=args.error_file,
  File "/home/airflow/.local/lib/python3.7/site-packages/airflow/utils/session.py", line 70, in wrapper
    return func(*args, session=session, **kwargs)
  File "/home/airflow/.local/lib/python3.7/site-packages/airflow/models/taskinstance.py", line 1329, in _run_raw_task
    self._execute_task_with_callbacks(context)
  File "/home/airflow/.local/lib/python3.7/site-packages/airflow/models/taskinstance.py", line 1455, in _execute_task_with_callbacks
    result = self._execute_task(context, self.task)
  File "/home/airflow/.local/lib/python3.7/site-packages/airflow/models/taskinstance.py", line 1511, in _execute_task
    result = execute_callable(context=context)
  File "/home/airflow/.local/lib/python3.7/site-packages/airflow/providers/postgres/operators/postgres.py", line 69, in execute
    self.hook.run(self.sql, self.autocommit, parameters=self.parameters)
  File "/home/airflow/.local/lib/python3.7/site-packages/airflow/hooks/dbapi.py", line 205, in run
    self._run_command(cur, sql_statement, parameters)
  File "/home/airflow/.local/lib/python3.7/site-packages/airflow/hooks/dbapi.py", line 229, in _run_command
    cur.execute(sql_statement)
psycopg2.errors.SyntaxError: syntax error at or near ","
LINE 18:             WHERE review_id, user_id, business_id, stars, us...
                                    ^

[2023-03-20 17:14:38,319] {local_task_job.py:154} INFO - Task exited with return code 1
[2023-03-20 17:14:38,525] {local_task_job.py:264} INFO - 0 downstream tasks scheduled from follow-on schedule check
